<?xml version="1.0" encoding="UTF-8"?>
<!-- Generated by org.testng.reporters.JUnitXMLReporter -->
<testsuite ignored="0" hostname="DESKTOP-T1570QH" failures="0" tests="8" name="Itestitagain" time="28.05" errors="0" timestamp="2021-02-19T13:49:51 IST">
  <testcase classname="maven_hello.practice_again.NewTest2" name="hi2" time="4.338"/>
  <testcase classname="maven_hello.practice_again.NewTest2" name="hello2" time="0.936"/>
  <testcase classname="maven_hello.practice_again.NewTest2" name="check" time="0.001"/>
  <testcase classname="maven_hello.practice_again.NewTest" name="check" time="0.001"/>
  <testcase classname="maven_hello.practice_again.NewTest" name="hello" time="4.014"/>
  <testcase classname="maven_hello.practice_again.NewTest" name="hey" time="1.145"/>
  <testcase classname="maven_hello.practice_again.NewTest" name="heyo" time="3.873"/>
  <testcase classname="maven_hello.practice_again.NewTest" name="hi" time="2.035"/>
</testsuite> <!-- Itestitagain -->
