<?xml version="1.0" encoding="UTF-8"?>
<!-- Generated by org.testng.reporters.JUnitXMLReporter -->
<testsuite ignored="3" hostname="DESKTOP-T1570QH" failures="2" tests="2" name="Testgrouping" time="0.058" errors="0" timestamp="2021-02-19T14:00:10 IST">
  <testcase classname="maven_hello.practice_again.NewTest" name="hey" time="0.008">
    <failure type="java.lang.NullPointerException">
      <![CDATA[java.lang.NullPointerException
at maven_hello.practice_again.NewTest.hey(NewTest.java:41)
at java.base/java.util.ArrayList.forEach(ArrayList.java:1540)
... Removed 27 stack frames]]>
    </failure>
  </testcase> <!-- hey -->
  <testcase classname="maven_hello.practice_again.NewTest" name="heyo" time="0.002">
    <failure type="java.lang.NullPointerException">
      <![CDATA[java.lang.NullPointerException
at maven_hello.practice_again.NewTest.heyo(NewTest.java:49)
at java.base/java.util.ArrayList.forEach(ArrayList.java:1540)
... Removed 27 stack frames]]>
    </failure>
  </testcase> <!-- heyo -->
  <testcase classname="maven_hello.practice_again.NewTest" name="check" time="0.0">
    <ignored/>
  </testcase> <!-- check -->
  <testcase classname="maven_hello.practice_again.NewTest" name="hello" time="0.0">
    <ignored/>
  </testcase> <!-- hello -->
  <testcase classname="maven_hello.practice_again.NewTest" name="hi" time="0.0">
    <ignored/>
  </testcase> <!-- hi -->
</testsuite> <!-- Testgrouping -->
